<?xml version="1.0" encoding="UTF-8"?>
<testng-results ignored="0" total="1" passed="1" failed="0" skipped="0">
  <reporter-output>
  </reporter-output>
  <suite started-at="2020-03-05T05:52:33 EST" name="Default suite" finished-at="2020-03-05T05:52:46 EST" duration-ms="13125">
    <groups>
    </groups>
    <test started-at="2020-03-05T05:52:33 EST" name="Default test" finished-at="2020-03-05T05:52:46 EST" duration-ms="13125">
      <class name="trainingUdemy.JavaExDemo">
        <test-method is-config="true" signature="setup()[pri:0, instance:trainingUdemy.JavaExDemo@4c15e7fd]" started-at="2020-03-05T05:52:33 EST" name="setup" finished-at="2020-03-05T05:52:33 EST" duration-ms="7" status="PASS">
          <reporter-output>
          </reporter-output>
        </test-method> <!-- setup -->
        <test-method is-config="true" signature="browserOpen()[pri:0, instance:trainingUdemy.JavaExDemo@4c15e7fd]" started-at="2020-03-05T05:52:33 EST" name="browserOpen" finished-at="2020-03-05T05:52:37 EST" duration-ms="3660" status="PASS">
          <reporter-output>
          </reporter-output>
        </test-method> <!-- browserOpen -->
        <test-method signature="test1()[pri:0, instance:trainingUdemy.JavaExDemo@4c15e7fd]" started-at="2020-03-05T05:52:37 EST" name="test1" finished-at="2020-03-05T05:52:46 EST" duration-ms="9433" status="PASS">
          <reporter-output>
          </reporter-output>
        </test-method> <!-- test1 -->
      </class> <!-- trainingUdemy.JavaExDemo -->
    </test> <!-- Default test -->
  </suite> <!-- Default suite -->
</testng-results>
